numberOfCells 37
index 0 n0 1 n1 2 n2 3 n3 4 n4 5 n5 6
index 1 n0 7 n1 8 n2 2 n3 0 n4 6 n5 9
index 2 n0 8 n1 10 n2 11 n3 3 n4 0 n5 1
index 3 n0 2 n1 11 n2 12 n3 13 n4 4 n5 0
index 4 n0 0 n1 3 n2 13 n3 14 n4 15 n5 5
index 5 n0 6 n1 0 n2 4 n3 15 n4 16 n5 17
index 6 n0 9 n1 1 n2 0 n3 5 n4 17 n5 18
index 7 n0 19 n1 20 n2 8 n3 1 n4 9 n5 21
index 8 n0 20 n1 22 n2 10 n3 2 n4 1 n5 7
index 9 n0 21 n1 7 n2 1 n3 6 n4 18 n5 23
index 10 n0 22 n1 24 n2 25 n3 11 n4 2 n5 8
index 11 n0 10 n1 25 n2 26 n3 12 n4 3 n5 2
index 12 n0 11 n1 26 n2 27 n3 28 n4 13 n5 3
index 13 n0 3 n1 12 n2 28 n3 29 n4 14 n5 4
index 14 n0 4 n1 13 n2 29 n3 30 n4 31 n5 15
index 15 n0 5 n1 4 n2 14 n3 31 n4 32 n5 16
index 16 n0 17 n1 5 n2 15 n3 32 n4 33 n5 34
index 17 n0 18 n1 6 n2 5 n3 16 n4 34 n5 35
index 18 n0 23 n1 9 n2 6 n3 17 n4 35 n5 36
index 19 n0 -1 n1 -1 n2 20 n3 7 n4 21 n5 -1
index 20 n0 -1 n1 -1 n2 22 n3 8 n4 7 n5 19
index 21 n0 -1 n1 19 n2 7 n3 9 n4 23 n5 -1
index 22 n0 -1 n1 -1 n2 24 n3 10 n4 8 n5 20
index 23 n0 -1 n1 21 n2 9 n3 18 n4 36 n5 -1
index 24 n0 -1 n1 -1 n2 -1 n3 25 n4 10 n5 22
index 25 n0 24 n1 -1 n2 -1 n3 26 n4 11 n5 10
index 26 n0 25 n1 -1 n2 -1 n3 27 n4 12 n5 11
index 27 n0 26 n1 -1 n2 -1 n3 -1 n4 28 n5 12
index 28 n0 12 n1 27 n2 -1 n3 -1 n4 29 n5 13
index 29 n0 13 n1 28 n2 -1 n3 -1 n4 30 n5 14
index 30 n0 14 n1 29 n2 -1 n3 -1 n4 -1 n5 31
index 31 n0 15 n1 14 n2 30 n3 -1 n4 -1 n5 32
index 32 n0 16 n1 15 n2 31 n3 -1 n4 -1 n5 33
index 33 n0 34 n1 16 n2 32 n3 -1 n4 -1 n5 -1
index 34 n0 35 n1 17 n2 16 n3 33 n4 -1 n5 -1
index 35 n0 36 n1 18 n2 17 n3 34 n4 -1 n5 -1
index 36 n0 -1 n1 23 n2 18 n3 35 n4 -1 n5 -1
yourColors 2
colorIndex 0 colorAmount 9
colorIndex 2 colorAmount 9
opponentColors 2
colorIndex 1 colorAmount 9
colorIndex 3 colorAmount 9
direction 0
numberOfValidInsertSlots 7
column 0 cellIndex 27
column 1 cellIndex 28
column 2 cellIndex 29
column 3 cellIndex 30
column 4 cellIndex 31
column 5 cellIndex 32
column 6 cellIndex 33
numberOfNewPellets 0
numberOfChangedPellets 0
numberOfPelletsInHand 2
colorIndex 0
colorIndex 2
